<?xml version="1.0" ?>
<coverage version="7.4.0" timestamp="1705686089228" lines-valid="8" lines-covered="8" line-rate="1" branches-covered="0" branches-valid="0" branch-rate="0" complexity="0">
	<!-- Generated by coverage.py: https://coverage.readthedocs.io/en/7.4.0 -->
	<!-- Based on https://raw.githubusercontent.com/cobertura/web/master/htdocs/xml/coverage-04.dtd -->
	<sources>
		<source>C:\Users\artyo\Desktop\python-project-50\gendiff</source>
	</sources>
	<packages>
		<package name="tests" line-rate="1" branch-rate="0" complexity="0">
			<classes>
				<class name="gendiff_test.py" filename="tests/gendiff_test.py" complexity="0" line-rate="1" branch-rate="0">
					<methods/>
					<lines>
						<line number="1" hits="1"/>
						<line number="2" hits="1"/>
						<line number="4" hits="1"/>
						<line number="6" hits="1"/>
						<line number="8" hits="1"/>
						<line number="9" hits="1"/>
						<line number="11" hits="1"/>
						<line number="22" hits="1"/>
					</lines>
				</class>
			</classes>
		</package>
	</packages>
</coverage>
